<?xml version="1.0" encoding="UTF-8"?>
<!-- Generated by org.testng.reporters.JUnitReportReporter -->
<testsuite hostname="Nilmie" failures="0" tests="1" name="Runner.TestRunner" time="0.024" errors="0" timestamp="2020-11-06T11:57:00 IST" skipped="0">
  <testcase classname="Runner.TestRunner" name="feature" time="0.024"/>
  <system-out/>
</testsuite> <!-- Runner.TestRunner -->
